<?xml version="1.0" encoding="UTF-8"?>
<testng-results ignored="0" total="2" passed="1" failed="1" skipped="0">
  <reporter-output>
  </reporter-output>
  <suite started-at="2024-02-29T16:46:46 IST" name="API" finished-at="2024-02-29T16:46:51 IST" duration-ms="4227">
    <groups>
    </groups>
    <test started-at="2024-02-29T16:46:46 IST" name="Default XmlTest name 50b87300-750b-4859-865b-6ecd46bef83b" finished-at="2024-02-29T16:46:51 IST" duration-ms="4090">
      <class name="testScripts.loginAPITest">
        <test-method signature="loginAPI(java.lang.String,java.lang.String)[pri:0, instance:testScripts.loginAPITest@37c7595]" started-at="2024-02-29T16:46:46 IST" name="loginAPI" finished-at="2024-02-29T16:46:50 IST" duration-ms="4028" status="PASS">
          <params>
            <param index="0">
              <value>
                <![CDATA[TC0001]]>
              </value>
            </param>
            <param index="1">
              <value>
                <![CDATA[API_DATA]]>
              </value>
            </param>
          </params>
          <reporter-output>
          </reporter-output>
        </test-method> <!-- loginAPI -->
      </class> <!-- testScripts.loginAPITest -->
    </test> <!-- Default XmlTest name 50b87300-750b-4859-865b-6ecd46bef83b -->
    <test started-at="2024-02-29T16:46:51 IST" name="Default XmlTest name 8c3c54b5-ef52-4e63-912c-b69645819c50" finished-at="2024-02-29T16:46:51 IST" duration-ms="107">
      <class name="testScripts.CreateProduct">
        <test-method signature="createnewProduct(java.lang.String,java.lang.String)[pri:0, instance:testScripts.CreateProduct@189aa67a]" started-at="2024-02-29T16:46:51 IST" name="createnewProduct" finished-at="2024-02-29T16:46:51 IST" duration-ms="99" status="FAIL">
          <params>
            <param index="0">
              <value>
                <![CDATA[TC0002]]>
              </value>
            </param>
            <param index="1">
              <value>
                <![CDATA[API_DATA]]>
              </value>
            </param>
          </params>
          <exception class="java.nio.file.NoSuchFileException">
            <message>
              <![CDATA[C:\Users\SPUGE\git\ECommerceAPI\ECommerceAPI\src\main\resources\jsonData\CreateProduct.json]]>
            </message>
            <full-stacktrace>
              <![CDATA[java.nio.file.NoSuchFileException: C:\Users\SPUGE\git\ECommerceAPI\ECommerceAPI\src\main\resources\jsonData\CreateProduct.json
at java.base/sun.nio.fs.WindowsException.translateToIOException(WindowsException.java:85)
at java.base/sun.nio.fs.WindowsException.rethrowAsIOException(WindowsException.java:103)
at java.base/sun.nio.fs.WindowsException.rethrowAsIOException(WindowsException.java:108)
at java.base/sun.nio.fs.WindowsFileSystemProvider.newByteChannel(WindowsFileSystemProvider.java:234)
at java.base/java.nio.file.Files.newByteChannel(Files.java:379)
at java.base/java.nio.file.Files.newByteChannel(Files.java:431)
at java.base/java.nio.file.Files.readAllBytes(Files.java:3268)
at java.base/java.nio.file.Files.readString(Files.java:3346)
at java.base/java.nio.file.Files.readString(Files.java:3305)
at com.ecommerce.Driver.API.customKeywords.APIDriverKeywords.getStringFromFilePath(APIDriverKeywords.java:111)
at com.ecommerce.Driver.API.customKeywords.APIDriverKeywords.postEndPointUrl(APIDriverKeywords.java:57)
at testScripts.CreateProduct.createnewProduct(CreateProduct.java:17)
at java.base/jdk.internal.reflect.DirectMethodHandleAccessor.invoke(DirectMethodHandleAccessor.java:103)
at java.base/java.lang.reflect.Method.invoke(Method.java:580)
at org.testng.internal.invokers.MethodInvocationHelper.invokeMethod(MethodInvocationHelper.java:135)
at org.testng.internal.invokers.TestInvoker.invokeMethod(TestInvoker.java:673)
at org.testng.internal.invokers.TestInvoker.invokeTestMethod(TestInvoker.java:220)
at org.testng.internal.invokers.MethodRunner.runInSequence(MethodRunner.java:50)
at org.testng.internal.invokers.TestInvoker$MethodInvocationAgent.invoke(TestInvoker.java:945)
at org.testng.internal.invokers.TestInvoker.invokeTestMethods(TestInvoker.java:193)
at org.testng.internal.invokers.TestMethodWorker.invokeTestMethods(TestMethodWorker.java:146)
at org.testng.internal.invokers.TestMethodWorker.run(TestMethodWorker.java:128)
at java.base/java.util.ArrayList.forEach(ArrayList.java:1596)
at org.testng.TestRunner.privateRun(TestRunner.java:808)
at org.testng.TestRunner.run(TestRunner.java:603)
at org.testng.SuiteRunner.runTest(SuiteRunner.java:429)
at org.testng.SuiteRunner.runSequentially(SuiteRunner.java:423)
at org.testng.SuiteRunner.privateRun(SuiteRunner.java:383)
at org.testng.SuiteRunner.run(SuiteRunner.java:326)
at org.testng.SuiteRunnerWorker.runSuite(SuiteRunnerWorker.java:52)
at org.testng.SuiteRunnerWorker.run(SuiteRunnerWorker.java:95)
at org.testng.TestNG.runSuitesSequentially(TestNG.java:1249)
at org.testng.TestNG.runSuitesLocally(TestNG.java:1169)
at org.testng.TestNG.runSuites(TestNG.java:1092)
at org.testng.TestNG.run(TestNG.java:1060)
at org.testng.remote.AbstractRemoteTestNG.run(AbstractRemoteTestNG.java:115)
at org.testng.remote.RemoteTestNG.initAndRun(RemoteTestNG.java:251)
at org.testng.remote.RemoteTestNG.main(RemoteTestNG.java:77)
]]>
            </full-stacktrace>
          </exception> <!-- java.nio.file.NoSuchFileException -->
          <reporter-output>
          </reporter-output>
        </test-method> <!-- createnewProduct -->
      </class> <!-- testScripts.CreateProduct -->
    </test> <!-- Default XmlTest name 8c3c54b5-ef52-4e63-912c-b69645819c50 -->
  </suite> <!-- API -->
</testng-results>
